<?xml version="1.0" encoding="UTF-8"?>
<!-- Generated by org.testng.reporters.JUnitReportReporter -->
<testsuite hostname="DESKTOP-06RECOG" failures="0" tests="2" name="Demo1.test1" time="0.013" errors="0" timestamp="2023-09-18T13:37:13 IST" skipped="0">
  <testcase classname="Demo1.test1" name="method11" time="0.004"/>
  <system-out/>
  <testcase classname="Demo1.test1" name="method6" time="0.009"/>
  <system-out/>
</testsuite> <!-- Demo1.test1 -->
