<?xml version="1.0" encoding="UTF-8"?>
<!-- Generated by org.testng.reporters.JUnitReportReporter -->
<testsuite hostname="DESKTOP-06RECOG" failures="0" tests="3" name="Demo1.dependsOnDemo" time="0.016" errors="0" timestamp="2023-09-18T13:43:32 IST" skipped="0">
  <testcase classname="Demo1.dependsOnDemo" name="addTocart" time="0.003"/>
  <system-out/>
  <testcase classname="Demo1.dependsOnDemo" name="EnterPRoductInSearchBox" time="0.012"/>
  <system-out/>
  <testcase classname="Demo1.dependsOnDemo" name="ClickOnSearchBox" time="0.001"/>
  <system-out/>
</testsuite> <!-- Demo1.dependsOnDemo -->
