<?xml version="1.0" encoding="UTF-8"?>
<!-- Generated by org.testng.reporters.JUnitReportReporter -->
<testsuite hostname="DESKTOP-06RECOG" failures="0" tests="3" name="Demo1.groupsFemo" time="0.018" errors="0" timestamp="2023-09-18T13:45:34 IST" skipped="0">
  <testcase classname="Demo1.groupsFemo" name="method1" time="0.013"/>
  <system-out/>
  <testcase classname="Demo1.groupsFemo" name="method3" time="0.004"/>
  <system-out/>
  <testcase classname="Demo1.groupsFemo" name="method2" time="0.001"/>
  <system-out/>
</testsuite> <!-- Demo1.groupsFemo -->
