<?xml version="1.0" encoding="UTF-8"?>
<!-- Generated by org.testng.reporters.JUnitReportReporter -->
<testsuite hostname="DESKTOP-06RECOG" failures="0" tests="2" name="Demo1.groupsDemo" time="0.019" errors="0" timestamp="2023-09-18T13:57:52 IST" skipped="0">
  <testcase classname="Demo1.groupsDemo" name="method3" time="0.007"/>
  <system-out/>
  <testcase classname="Demo1.groupsDemo" name="method1" time="0.012"/>
  <system-out/>
</testsuite> <!-- Demo1.groupsDemo -->
