<?xml version="1.0" encoding="UTF-8"?>
<!-- Generated by org.testng.reporters.JUnitReportReporter -->
<testsuite hostname="DESKTOP-06RECOG" failures="0" tests="12" name="Demo1.differentAnnotations" time="0.035" errors="0" timestamp="2023-09-19T17:38:11 IST" skipped="1">
  <testcase classname="Demo1.differentAnnotations" name="test2" time="0.002"/>
  <system-out/>
  <testcase classname="Demo1.differentAnnotations" name="test2" time="0.002"/>
  <system-out/>
  <testcase classname="Demo1.differentAnnotations" name="test2" time="0.001"/>
  <system-out/>
  <testcase classname="Demo1.differentAnnotations" name="test2" time="0.002"/>
  <system-out/>
  <testcase classname="Demo1.differentAnnotations" name="test2" time="0.002"/>
  <system-out/>
  <testcase classname="Demo1.differentAnnotations" name="test2" time="0.003"/>
  <system-out/>
  <testcase classname="Demo1.differentAnnotations" name="test" time="0.015"/>
  <system-out/>
  <testcase classname="Demo1.differentAnnotations" name="test2" time="0.001"/>
  <system-out/>
  <testcase classname="Demo1.differentAnnotations" name="test2" time="0.004"/>
  <system-out/>
  <testcase classname="Demo1.differentAnnotations" name="test2" time="0.002"/>
  <system-out/>
  <testcase classname="Demo1.differentAnnotations" name="test2" time="0.001"/>
  <system-out/>
  <testcase classname="Demo1.differentAnnotations" name="method1">
    <skipped/>
  </testcase> <!-- method1 -->
  <system-out/>
</testsuite> <!-- Demo1.differentAnnotations -->
