<?xml version="1.0" encoding="UTF-8"?>
<!-- Generated by org.testng.reporters.JUnitReportReporter -->
<testsuite hostname="DESKTOP-06RECOG" failures="0" tests="1" name="Demo2.test2" time="0.011" errors="0" timestamp="2023-09-18T13:37:13 IST" skipped="0">
  <testcase classname="Demo2.test2" name="method1" time="0.011"/>
  <system-out/>
</testsuite> <!-- Demo2.test2 -->
