<?xml version="1.0" encoding="UTF-8"?>
<!-- Generated by org.testng.reporters.JUnitReportReporter -->
<testsuite hostname="DESKTOP-06RECOG" failures="0" tests="2" name="Demo1.parallelTesting" time="15.991" errors="0" timestamp="2023-09-25T10:29:50 IST" skipped="0">
  <testcase classname="Demo1.parallelTesting" name="method1" time="7.673"/>
  <system-out/>
  <testcase classname="Demo1.parallelTesting" name="method2" time="8.318"/>
  <system-out/>
</testsuite> <!-- Demo1.parallelTesting -->
