<?xml version="1.0" encoding="UTF-8"?>
<!-- Generated by org.testng.reporters.JUnitReportReporter -->
<testsuite hostname="DESKTOP-06RECOG" failures="0" tests="1" name="Demo1.parameterizationDemo" time="0.009" errors="0" timestamp="2023-09-19T17:36:38 IST" skipped="0">
  <testcase classname="Demo1.parameterizationDemo" name="method1" time="0.009"/>
  <system-out/>
</testsuite> <!-- Demo1.parameterizationDemo -->
