<?xml version="1.0" encoding="UTF-8"?>
<!-- Generated by org.testng.reporters.JUnitReportReporter -->
<testsuite hostname="DESKTOP-06RECOG" failures="0" tests="4" name="Demo1.priorityDemo" time="0.021" errors="0" timestamp="2023-09-25T10:35:59 IST" skipped="0">
  <testcase classname="Demo1.priorityDemo" name="method4" time="0.010"/>
  <system-out/>
  <testcase classname="Demo1.priorityDemo" name="method3" time="0.002"/>
  <system-out/>
  <testcase classname="Demo1.priorityDemo" name="method2" time="0.007"/>
  <system-out/>
  <testcase classname="Demo1.priorityDemo" name="method1" time="0.002"/>
  <system-out/>
</testsuite> <!-- Demo1.priorityDemo -->
