<?xml version="1.0" encoding="UTF-8"?>
<!-- Generated by org.testng.reporters.JUnitReportReporter -->
<testsuite hostname="DESKTOP-06RECOG" failures="0" tests="4" name="Demo1.dataProviderDemo" time="0.012" errors="0" timestamp="2023-09-19T17:11:54 IST" skipped="0">
  <testcase classname="Demo1.dataProviderDemo" name="method1" time="0.001"/>
  <system-out/>
  <testcase classname="Demo1.dataProviderDemo" name="method1" time="0.002"/>
  <system-out/>
  <testcase classname="Demo1.dataProviderDemo" name="method1" time="0.008"/>
  <system-out/>
  <testcase classname="Demo1.dataProviderDemo" name="method1" time="0.001"/>
  <system-out/>
</testsuite> <!-- Demo1.dataProviderDemo -->
